#
# There is insufficient memory for the Java Runtime Environment to continue.
# Native memory allocation (mmap) failed to map 266338304 bytes for G1 virtual space
# Possible reasons:
#   The system is out of physical RAM or swap space
#   The process is running with CompressedOops enabled, and the Java Heap may be blocking the growth of the native heap
# Possible solutions:
#   Reduce memory load on the system
#   Increase physical memory or swap space
#   Check if swap backing store is full
#   Decrease Java heap size (-Xmx/-Xms)
#   Decrease number of Java threads
#   Decrease Java thread stack sizes (-Xss)
#   Set larger code cache with -XX:ReservedCodeCacheSize=
#   JVM is running with Zero Based Compressed Oops mode in which the Java heap is
#     placed in the first 32GB address space. The Java Heap base address is the
#     maximum limit for the native heap growth. Please use -XX:HeapBaseMinAddress
#     to set the Java Heap base and to place the Java Heap above 32GB virtual address.
# This output file may be truncated or incomplete.
#
#  Out of Memory Error (os_windows.cpp:3825), pid=9960, tid=14516
#
# JRE version:  (17.0.10+1) (build )
# Java VM: OpenJDK 64-Bit Server VM (17.0.10+1-b1087.17, mixed mode, sharing, tiered, compressed oops, compressed class ptrs, g1 gc, windows-amd64)
# No core dump will be written. Minidumps are not enabled by default on client versions of Windows
#

---------------  S U M M A R Y ------------

Command Line: git4idea.http.GitAskPassApp Username for 'https://github.com': 

Host: Intel(R) Core(TM) i5-10500H CPU @ 2.50GHz, 12 cores, 15G,  Windows 11 , 64 bit Build 22621 (10.0.22621.3235)
Time: Sat Apr  6 04:02:01 2024 Egypt Standard Time elapsed time: 0.019118 seconds (0d 0h 0m 0s)

---------------  T H R E A D  ---------------

Current thread (0x000002bcc172e1d0):  JavaThread "Unknown thread" [_thread_in_vm, id=14516, stack(0x000000c6cef00000,0x000000c6cf000000)]

Stack: [0x000000c6cef00000,0x000000c6cf000000]
Native frames: (J=compiled Java code, j=interpreted, Vv=VM code, C=native code)
V  [jvm.dll+0x688ac9]
V  [jvm.dll+0x84220a]
V  [jvm.dll+0x843e4e]
V  [jvm.dll+0x8444b3]
V  [jvm.dll+0x24ba8f]
V  [jvm.dll+0x685899]
V  [jvm.dll+0x67a14a]
V  [jvm.dll+0x30c7eb]
V  [jvm.dll+0x313c96]
V  [jvm.dll+0x363a2e]
V  [jvm.dll+0x363c5f]
V  [jvm.dll+0x2e25b8]
V  [jvm.dll+0x2e3524]
V  [jvm.dll+0x812d71]
V  [jvm.dll+0x3718e1]
V  [jvm.dll+0x7f18d6]
V  [jvm.dll+0x3f553f]
V  [jvm.dll+0x3f7171]
C  [jli.dll+0x528f]
C  [ucrtbase.dll+0x29363]
C  [KERNEL32.DLL+0x1257d]
C  [ntdll.dll+0x5aa58]


---------------  P R O C E S S  ---------------

Threads class SMR info:
_java_thread_list=0x00007ffcbeaeef58, length=0, elements={
}

Java Threads: ( => current thread )

Other Threads:
  0x000002bcc179bb70 GCTaskThread "GC Thread#0" [stack: 0x000000c6cf000000,0x000000c6cf100000] [id=20228]
  0x000002bcc17ac740 ConcurrentGCThread "G1 Main Marker" [stack: 0x000000c6cf100000,0x000000c6cf200000] [id=21440]
  0x000002bcc17ad160 ConcurrentGCThread "G1 Conc#0" [stack: 0x000000c6cf200000,0x000000c6cf300000] [id=19608]

[error occurred during error reporting (printing all threads), id 0xc0000005, EXCEPTION_ACCESS_VIOLATION (0xc0000005) at pc=0x00007ffcbe2a3187]

VM state: not at safepoint (not fully initialized)

VM Mutex/Monitor currently owned by a thread:  ([mutex/lock_event])
[0x000002bcc1729130] Heap_lock - owner thread: 0x000002bcc172e1d0

Heap address: 0x0000000703800000, size: 4040 MB, Compressed Oops mode: Zero based, Oop shift amount: 3

CDS archive(s) mapped at: [0x0000000000000000-0x0000000000000000-0x0000000000000000), size 0, SharedBaseAddress: 0x0000000800000000, ArchiveRelocationMode: 1.
Narrow klass base: 0x0000000000000000, Narrow klass shift: 0, Narrow klass range: 0x0

GC Precious Log:
<Empty>

Heap:
 garbage-first heap   total 0K, used 0K [0x0000000703800000, 0x0000000800000000)
  region size 2048K, 0 young (0K), 0 survivors (0K)
 Metaspace       used 0K, committed 0K, reserved 0K
  class space    used 0K, committed 0K, reserved 0K

Heap Regions: E=young(eden), S=young(survivor), O=old, HS=humongous(starts), HC=humongous(continues), CS=collection set, F=free, OA=open archive, CA=closed archive, TAMS=top-at-mark-start (previous, next)

Card table byte_map: [0x000002bcd4be0000,0x000002bcd53d0000] _byte_map_base: 0x000002bcd13c4000

Marking Bits (Prev, Next): (CMBitMap*) 0x000002bcc179c190, (CMBitMap*) 0x000002bcc179c1d0
 Prev Bits: [0x000002bcd5bc0000, 0x000002bcd9ae0000)
 Next Bits: [0x000002bcd9ae0000, 0x000002bcdda00000)

GC Heap History (0 events):
No events

Dll operation events (1 events):
Event: 0.013 Loaded shared library D:\programs\java\IntelliJ IDEA 2023.3.4\jbr\bin\java.dll

Deoptimization events (0 events):
No events

Classes unloaded (0 events):
No events

Classes redefined (0 events):
No events

Internal exceptions (0 events):
No events

VM Operations (0 events):
No events

Events (0 events):
No events


Dynamic libraries:
0x00007ff732a00000 - 0x00007ff732a0a000 	D:\programs\java\IntelliJ IDEA 2023.3.4\jbr\bin\java.exe
0x00007ffd07a30000 - 0x00007ffd07c46000 	C:\WINDOWS\SYSTEM32\ntdll.dll
0x00007ffd06b20000 - 0x00007ffd06be4000 	C:\WINDOWS\System32\KERNEL32.DLL
0x00007ffd051d0000 - 0x00007ffd05576000 	C:\WINDOWS\System32\KERNELBASE.dll
0x00007ffd04d70000 - 0x00007ffd04e81000 	C:\WINDOWS\System32\ucrtbase.dll
0x00007ffcece30000 - 0x00007ffcece4b000 	D:\programs\java\IntelliJ IDEA 2023.3.4\jbr\bin\VCRUNTIME140.dll
0x00007ffced370000 - 0x00007ffced387000 	D:\programs\java\IntelliJ IDEA 2023.3.4\jbr\bin\jli.dll
0x00007ffd063d0000 - 0x00007ffd0657d000 	C:\WINDOWS\System32\USER32.dll
0x00007ffcdf5a0000 - 0x00007ffcdf833000 	C:\WINDOWS\WinSxS\amd64_microsoft.windows.common-controls_6595b64144ccf1df_6.0.22621.3235_none_270f74e173860f98\COMCTL32.dll
0x00007ffd05750000 - 0x00007ffd05776000 	C:\WINDOWS\System32\win32u.dll
0x00007ffd06d90000 - 0x00007ffd06e37000 	C:\WINDOWS\System32\msvcrt.dll
0x00007ffd05780000 - 0x00007ffd057a9000 	C:\WINDOWS\System32\GDI32.dll
0x00007ffd05630000 - 0x00007ffd05748000 	C:\WINDOWS\System32\gdi32full.dll
0x00007ffd05130000 - 0x00007ffd051ca000 	C:\WINDOWS\System32\msvcp_win.dll
0x00007ffd06d40000 - 0x00007ffd06d71000 	C:\WINDOWS\System32\IMM32.DLL
0x00007ffcf4e30000 - 0x00007ffcf4e3c000 	D:\programs\java\IntelliJ IDEA 2023.3.4\jbr\bin\vcruntime140_1.dll
0x00007ffce5300000 - 0x00007ffce538d000 	D:\programs\java\IntelliJ IDEA 2023.3.4\jbr\bin\msvcp140.dll
0x00007ffcbdfb0000 - 0x00007ffcbec33000 	D:\programs\java\IntelliJ IDEA 2023.3.4\jbr\bin\server\jvm.dll
0x00007ffd057c0000 - 0x00007ffd05872000 	C:\WINDOWS\System32\ADVAPI32.dll
0x00007ffd05880000 - 0x00007ffd05928000 	C:\WINDOWS\System32\sechost.dll
0x00007ffd05580000 - 0x00007ffd055a8000 	C:\WINDOWS\System32\bcrypt.dll
0x00007ffd06a00000 - 0x00007ffd06b15000 	C:\WINDOWS\System32\RPCRT4.dll
0x00007ffd03c00000 - 0x00007ffd03c4d000 	C:\WINDOWS\SYSTEM32\POWRPROF.dll
0x00007ffcf9de0000 - 0x00007ffcf9e14000 	C:\WINDOWS\SYSTEM32\WINMM.dll
0x00007ffcf99f0000 - 0x00007ffcf99fa000 	C:\WINDOWS\SYSTEM32\VERSION.dll
0x00007ffcde960000 - 0x00007ffcde969000 	C:\WINDOWS\SYSTEM32\WSOCK32.dll
0x00007ffd06250000 - 0x00007ffd062c1000 	C:\WINDOWS\System32\WS2_32.dll
0x00007ffd03be0000 - 0x00007ffd03bf3000 	C:\WINDOWS\SYSTEM32\UMPDC.dll
0x00007ffd03ea0000 - 0x00007ffd03eb8000 	C:\WINDOWS\SYSTEM32\kernel.appcore.dll
0x00007ffcf94d0000 - 0x00007ffcf94da000 	D:\programs\java\IntelliJ IDEA 2023.3.4\jbr\bin\jimage.dll
0x00007ffd02840000 - 0x00007ffd02a73000 	C:\WINDOWS\SYSTEM32\DBGHELP.DLL
0x00007ffd05d90000 - 0x00007ffd06118000 	C:\WINDOWS\System32\combase.dll
0x00007ffd05930000 - 0x00007ffd05a07000 	C:\WINDOWS\System32\OLEAUT32.dll
0x00007ffcf4f90000 - 0x00007ffcf4fc2000 	C:\WINDOWS\SYSTEM32\dbgcore.DLL
0x00007ffd055b0000 - 0x00007ffd0562a000 	C:\WINDOWS\System32\bcryptPrimitives.dll
0x00007ffceec90000 - 0x00007ffceecb5000 	D:\programs\java\IntelliJ IDEA 2023.3.4\jbr\bin\java.dll

dbghelp: loaded successfully - version: 4.0.5 - missing functions: none
symbol engine: initialized successfully - sym options: 0x614 - pdb path: .;D:\programs\java\IntelliJ IDEA 2023.3.4\jbr\bin;C:\WINDOWS\SYSTEM32;C:\WINDOWS\WinSxS\amd64_microsoft.windows.common-controls_6595b64144ccf1df_6.0.22621.3235_none_270f74e173860f98;D:\programs\java\IntelliJ IDEA 2023.3.4\jbr\bin\server

VM Arguments:
java_command: git4idea.http.GitAskPassApp Username for 'https://github.com': 
java_class_path (initial): D:/programs/java/IntelliJ IDEA 2023.3.4/plugins/vcs-git/lib/git4idea-rt.jar;D:/programs/java/IntelliJ IDEA 2023.3.4/lib/externalProcess-rt.jar
Launcher Type: SUN_STANDARD

[Global flags]
     intx CICompilerCount                          = 4                                         {product} {ergonomic}
     uint ConcGCThreads                            = 3                                         {product} {ergonomic}
     uint G1ConcRefinementThreads                  = 10                                        {product} {ergonomic}
   size_t G1HeapRegionSize                         = 2097152                                   {product} {ergonomic}
    uintx GCDrainStackTargetSize                   = 64                                        {product} {ergonomic}
   size_t InitialHeapSize                          = 266338304                                 {product} {ergonomic}
   size_t MarkStackSize                            = 4194304                                   {product} {ergonomic}
   size_t MaxHeapSize                              = 4236247040                                {product} {ergonomic}
   size_t MinHeapDeltaBytes                        = 2097152                                   {product} {ergonomic}
   size_t MinHeapSize                              = 8388608                                   {product} {ergonomic}
    uintx NonNMethodCodeHeapSize                   = 5839372                                {pd product} {ergonomic}
    uintx NonProfiledCodeHeapSize                  = 122909434                              {pd product} {ergonomic}
    uintx ProfiledCodeHeapSize                     = 122909434                              {pd product} {ergonomic}
    uintx ReservedCodeCacheSize                    = 251658240                              {pd product} {ergonomic}
     bool SegmentedCodeCache                       = true                                      {product} {ergonomic}
   size_t SoftMaxHeapSize                          = 4236247040                             {manageable} {ergonomic}
     bool UseCompressedClassPointers               = true                           {product lp64_product} {ergonomic}
     bool UseCompressedOops                        = true                           {product lp64_product} {ergonomic}
     bool UseG1GC                                  = true                                      {product} {ergonomic}
     bool UseLargePagesIndividualAllocation        = false                                  {pd product} {ergonomic}

Logging:
Log output configuration:
 #0: stdout all=warning uptime,level,tags
 #1: stderr all=off uptime,level,tags

Environment Variables:
PATH=C:\Program Files\Git\mingw64\libexec\git-core;C:\Program Files\Git\mingw64\libexec\git-core;C:\Program Files\Git\mingw64\bin;C:\Program Files\Git\usr\bin;C:\Users\eslam\bin;C:\Program Files\Common Files\Oracle\Java\javapath;C:\Program Files (x86)\Common Files\Oracle\Java\javapath;C:\WINDOWS\system32;C:\WINDOWS;C:\WINDOWS\System32\Wbem;C:\WINDOWS\System32\WindowsPowerShell\v1.0;C:\WINDOWS\System32\OpenSSH;C:\Program Files (x86)\NVIDIA Corporation\PhysX\Common;C:\Program Files\NVIDIA Corporation\NVIDIA NvDLISR;C:\Program Files (x86)\Microsoft SQL Server\150\DTS\Binn;C:\Program Files\Azure Data Studio\bin;C:\Program Files\Microsoft\Web Platform Installer;C:\Program Files (x86)\Microsoft ASP.NET\ASP.NET Web Pages\v1.0;C:\Program Files\Microsoft SQL Server\110\Tools\Binn;C:\Program Files\Git\cmd;C:\WINDOWS\system32;C:\WINDOWS;C:\WINDOWS\System32\Wbem;C:\WINDOWS\System32\WindowsPowerShell\v1.0;C:\WINDOWS\System32\OpenSSH;C:\Program Files\dotnet;C:\Program Files\nodejs;C:\Program Files\Microsoft SQL Server\150\Tools\Binn;C:\Program Files\Microsoft SQL Server\Client SDK\ODBC\170\Tools\Binn;C:\Program Files (x86)\Microsoft SQL Server\160\Tools\Binn;C:\Program Files\Microsoft SQL Server\160\Tools\Binn;C:\Program Files\Microsoft SQL Server\160\DTS\Binn;C:\Program Files (x86)\Microsoft SQL Server\160\DTS\Binn;C:\Program Files\PostgreSQL\16\bin;C:\MinGW\bin;C:\Users\eslam\AppData\Local\Programs\Python\Python312;C:\Users\eslam\AppData\Local\Programs\Python\Launcher;C:\Users\eslam\AppData\Local\Microsoft\WindowsApps;C:\Program Files\Azure Data Studio\bin;C:\Users\eslam\AppData\Local\GitHubDesktop\bin;C:\modeltech64_10.6d\win64;D:\programs\vs code\Microsoft VS Code\bin;C:\Users\eslam\.dotnet\tools;C:\Users\eslam\AppData\Roaming\npm;D:\intelFPGA_lite\18.1\modelsim_ase\win32aloem;D:\programs\herku\New folder\heroku\bin;C:\MinGW\bin;C:\Users\eslam\AppData\Local\Programs\Python\Python312;C:\Users\eslam\AppData\Local\Programs\Python\Python312\Scripts
USERNAME=eslam
DISPLAY=:0.0
LC_ALL=en_US.UTF-8
TERM=xterm-256color
TMPDIR=C:\Users\eslam\AppData\Local\Temp
OS=Windows_NT
PROCESSOR_IDENTIFIER=Intel64 Family 6 Model 165 Stepping 2, GenuineIntel
TMP=C:\Users\eslam\AppData\Local\Temp
TEMP=C:\Users\eslam\AppData\Local\Temp



Periodic native trim disabled

JNI global refs:
JNI global refs: 0, weak refs: 0

JNI global refs memory usage: 0, weak refs: 0

OOME stack traces (most recent first):
Classloader memory used:


---------------  S Y S T E M  ---------------

OS:
 Windows 11 , 64 bit Build 22621 (10.0.22621.3235)
OS uptime: 1 days 7:24 hours

CPU: total 12 (initial active 12) (6 cores per cpu, 2 threads per core) family 6 model 165 stepping 2 microcode 0xf8, cx8, cmov, fxsr, ht, mmx, 3dnowpref, sse, sse2, sse3, ssse3, sse4.1, sse4.2, popcnt, lzcnt, tsc, tscinvbit, avx, avx2, aes, erms, clmul, bmi1, bmi2, adx, fma, vzeroupper, clflush, clflushopt
Processor Information for all 12 processors :
  Max Mhz: 2496, Current Mhz: 2496, Mhz Limit: 2496

Memory: 4k page, system-wide physical 16159M (5144M free)
TotalPageFile size 16159M (AvailPageFile size 182M)
current process WorkingSet (physical memory assigned to process): 11M, peak: 11M
current process commit charge ("private bytes"): 64M, peak: 318M

vm_info: OpenJDK 64-Bit Server VM (17.0.10+1-b1087.17) for windows-amd64 JRE (17.0.10+1-b1087.17), built on 2024-01-19 by "builduser" with MS VC++ 16.10 / 16.11 (VS2019)

END.
